   tBodyAcc-mean()-X  tBodyAcc-mean()-Y  ...  angle(Z,gravityMean)  Activity
0           0.288585          -0.020294  ...             -0.058627  STANDING
1           0.278419          -0.016411  ...             -0.054317  STANDING
2           0.279653          -0.019467  ...             -0.049118  STANDING
3           0.279174          -0.026201  ...             -0.047663  STANDING
4           0.276629          -0.016570  ...             -0.043892  STANDING

[5 rows x 562 columns]
<class 'pandas.core.frame.DataFrame'>
RangeIndex: 10299 entries, 0 to 10298
Columns: 562 entries, tBodyAcc-mean()-X to Activity
dtypes: float64(561), object(1)
memory usage: 44.2+ MB
None
The number of rows
10299
The number of columns
562
Dataframe shape
(10299, 562)

-------Data Preprocessing - Step 1--------
------------------------------------------
Checking for any N/A values
False
Checking for any null values
False

-------Data Preprocessing - Step 2--------
------------------------------------------
Before applying SMOTE algorithm
Unique values and count of target column 'Activity -'
                    tBodyAcc-mean()-X  ...  angle(Z,gravityMean)
Activity                               ...                      
LAYING                           1944  ...                  1944
SITTING                          1776  ...                  1777
STANDING                         1905  ...                  1906
WALKING                          1722  ...                  1722
WALKING_DOWNSTAIRS               1406  ...                  1406
WALKING_UPSTAIRS                 1544  ...                  1544

[6 rows x 561 columns]
The class balance is generated as 'Class-balance-Before-SMOTE.png'
After applying SMOTE algorithm
The new shape of the X dataframe
(11664, 561)
The new shape of the Y dataframe
(11664, 1)
Unique Values of new Y dataframe: ['LAYING' 'SITTING' 'STANDING' 'WALKING' 'WALKING_DOWNSTAIRS'
 'WALKING_UPSTAIRS']
Frequency Values of new Y dataframe: [1944 1944 1944 1944 1944 1944]
The class balance is generated as 'Class-balance-After-SMOTE.png'

-------Data Preprocessing - Step 3--------
------------------------------------------
After label encoding, the target values are
0        2
1        2
2        2
3        2
4        2
        ..
11659    5
11660    5
11661    5
11662    5
11663    5
Name: Activity, Length: 11664, dtype: int64

-------Data Preprocessing - Step 4--------
------------------------------------------
[[ 4.55837814e-03  2.94100405e-04 -7.09374792e-04 ...  6.77339083e-04
   5.64138169e-04  1.56514280e-03]
 [ 2.94100405e-04  1.29235274e-03 -2.18798878e-05 ... -8.91444087e-05
  -1.74202456e-04 -4.18956462e-03]
 [-7.09374792e-04 -2.18798878e-05  2.69438191e-03 ... -2.52157373e-04
  -4.36400156e-04 -6.01483057e-03]
 ...
 [ 6.77339083e-04 -8.91444087e-05 -2.52157373e-04 ...  8.60354563e-02
   4.20796271e-02  3.47466635e-01]
 [ 5.64138169e-04 -1.74202456e-04 -4.36400156e-04 ...  4.20796271e-02
   6.73669932e-02  2.68306399e-01]
 [ 1.56514280e-03 -4.18956462e-03 -6.01483057e-03 ...  3.47466635e-01
   2.68306399e-01  2.91666667e+00]]
Correlation coefficient obtained :  [[ 1.          0.12117134 -0.20241421 ...  0.03420284  0.03219265
   0.01357392]
 [ 0.12117134  1.         -0.01172533 ... -0.00845405 -0.01866982
  -0.06823936]
 [-0.20241421 -0.01172533  1.         ... -0.01656164 -0.03239155
  -0.06785009]
 ...
 [ 0.03420284 -0.00845405 -0.01656164 ...  1.          0.55272558
   0.69363496]
 [ 0.03219265 -0.01866982 -0.03239155 ...  0.55272558  1.
   0.60529077]
 [ 0.01357392 -0.06823936 -0.06785009 ...  0.69363496  0.60529077
   1.        ]]

-------Data Preprocessing - Step 5(Splitting into training and testing dataset)--------
------------------------------------------

-------Data Preprocessing - Step 6--------
------------------------------------------
Mean of the standardized training set :  [-8.75709084e-17  4.41661973e-17  3.02690749e-17  1.14032552e-16
  7.50063867e-17  1.74380331e-16 -4.58795411e-17  5.90151774e-18
 -1.19172584e-16 -1.38971224e-17  2.24257674e-16 -3.07640409e-16
 -2.78323191e-16  7.04374698e-18 -1.96082686e-16  3.42668772e-17
  5.37989972e-16 -3.31246480e-17  8.14790191e-17  1.59150607e-16
 -2.09789437e-16 -3.54091064e-17 -2.09408694e-17  2.09408694e-18
  3.25535333e-17 -3.80743080e-18 -4.56891696e-17 -1.06608062e-17
 -6.05381497e-17  6.85337544e-18 -3.80743080e-19 -6.09188928e-17
  1.06608062e-17  2.13216125e-17  1.78949248e-17  1.52297232e-18
  5.71114620e-19  6.51070667e-17 -9.13783392e-18  3.99780234e-18
  6.89144975e-17 -9.89932008e-18 -1.59912094e-17 -8.18597622e-16
 -6.54878097e-17 -6.55639584e-16 -1.52297232e-17  5.58169355e-16
 -3.50093262e-16  3.42668772e-17  9.13783392e-18  2.70327587e-17
 -1.00516173e-16 -1.14222924e-17  1.78949248e-17  4.94966004e-18
  6.89144975e-17 -9.02361099e-17 -2.06743492e-16 -4.56891696e-16
 -1.67374658e-15  9.58139961e-16  2.47483002e-16 -5.39893687e-16
  2.80226907e-16 -7.38641575e-17  1.26025959e-16 -9.04264815e-17
 -2.15500583e-16  2.05982006e-16  6.09188928e-17  5.93959205e-17
 -5.40655173e-17 -7.61486160e-18  2.91268456e-17 -3.38290227e-16
 -2.49386717e-17  1.59912094e-17 -2.74135018e-17  2.01793832e-17
 -4.14058099e-17  1.23741501e-17 -9.80413431e-18 -3.25344962e-16
 -1.08321406e-16 -1.81995192e-16 -1.13080695e-16  2.96408488e-16
  2.11312409e-16 -6.91048690e-17  7.64341733e-17  2.09789437e-16
  1.77045532e-17  3.24393104e-16  5.78729481e-17 -4.75928850e-17
 -2.82701737e-16  1.51916489e-16 -3.32769452e-16 -5.02580866e-17
  2.20640615e-16  2.88222512e-16 -2.77942448e-17 -2.51290433e-17
 -2.15119840e-17  9.51857700e-18  7.15796990e-17 -1.59912094e-17
 -1.31356363e-17 -2.36060710e-17 -2.28445848e-18 -8.98553669e-17
  1.57627635e-16  3.00787033e-17  3.57898495e-17  2.28445848e-17
 -6.32033513e-17 -1.02800632e-17  1.90371540e-17  2.09408694e-18
 -1.97986402e-17  1.97986402e-17  9.13783392e-18  9.72798569e-17
  2.20259872e-16 -1.53439461e-16  2.39868140e-16 -4.81639996e-17
 -1.06608062e-17  2.36060710e-17 -2.91268456e-16  4.68313988e-17
  5.86344343e-17  1.42207540e-16 -2.05601263e-16  2.26542133e-17
 -9.25205684e-16  3.52187349e-17 -3.04594464e-17 -3.41526543e-16
 -1.72286244e-16 -2.28445848e-17 -2.51290433e-17 -1.31356363e-17
 -3.12209326e-17 -1.13461438e-16 -3.88357942e-17  1.33260078e-17
  2.28445848e-18 -7.11989559e-17  7.15796990e-17  4.15009957e-17
  1.01277659e-16 -1.14222924e-17 -5.17810589e-17 -9.13783392e-18
 -9.13783392e-18 -7.23411852e-17 -1.67526955e-17  3.80743080e-19
 -9.82317146e-17  1.90371540e-17  1.67526955e-17  1.44872742e-16
  6.73915251e-17  1.78568504e-16 -3.78839365e-17  2.76800219e-16
  1.56866149e-16  1.00516173e-16 -1.02039145e-16 -1.49632030e-16
 -7.63389875e-17  1.66194354e-16  3.23631618e-17  1.39351967e-16
  4.59556897e-16 -1.09463635e-16 -7.19604421e-16  6.01574066e-17
  3.26296819e-16 -3.35053910e-17 -5.52077466e-18 -5.71114620e-18
  1.90371540e-17  9.13783392e-18  4.56891696e-17  1.04704347e-17
 -4.26432250e-17 -7.21508136e-17  7.31026713e-17  3.00787033e-17
 -8.83323945e-17 -4.72121419e-17 -2.58905294e-17  1.67526955e-17
  9.89932008e-18  4.18817388e-18  5.90151774e-18 -2.30349563e-17
 -9.89932008e-18 -2.85557310e-17 -1.93798228e-16 -1.41636426e-16
 -6.95998350e-16 -9.89932008e-18  1.66765469e-16 -1.07369549e-16
 -5.71114620e-18 -1.71334386e-18 -5.25425450e-17  3.27439049e-17
 -4.56891696e-18 -9.89932008e-18 -2.85557310e-17 -1.93798228e-16
 -1.41636426e-16 -6.95998350e-16 -9.89932008e-18  1.66765469e-16
 -1.07369549e-16 -5.71114620e-18 -1.71334386e-18 -5.25425450e-17
  3.27439049e-17 -4.56891696e-18  4.94966004e-18 -1.47918687e-16
  1.07179177e-16 -3.54091064e-17  2.70708330e-16  4.94966004e-18
 -2.11693152e-16 -3.76935649e-17 -2.07504979e-17 -7.19604421e-17
  2.77942448e-17 -1.52297232e-17 -7.61486160e-18 -2.13596868e-16
  1.82375935e-16 -3.73889704e-16 -1.44682370e-16 -1.56866149e-16
 -2.13596868e-16  4.04539522e-16  1.37067509e-17 -4.34047111e-17
  2.28445848e-18 -3.31246480e-17  1.44682370e-17  1.59912094e-17
  1.01087288e-16 -2.27493990e-16  4.37854542e-17  6.54878097e-17
 -4.15009957e-17  1.01087288e-16 -5.78729481e-17  5.29232881e-17
  9.13783392e-18 -3.46476203e-17 -1.59150607e-16  1.75141817e-17
 -1.52297232e-17  3.23631618e-18  3.23631618e-18  1.13461438e-16
  1.42397912e-16 -6.45359520e-17  6.20611220e-17 -8.58575645e-17
 -3.42668772e-17 -3.42668772e-17  6.47263236e-17 -3.00787033e-17
  1.18030355e-17 -4.39758257e-17  4.73834763e-16  5.01057893e-16
 -4.41661973e-17  4.56510953e-16 -3.34102053e-16 -1.93417485e-16
 -9.55665131e-17 -2.86318796e-16 -2.71279444e-16 -1.52297232e-17
  1.54200947e-17 -2.17023556e-17 -3.33530938e-16  1.78568504e-16
 -4.54987981e-16  2.17023556e-17  6.85337544e-18  2.13216125e-17
 -2.47483002e-17 -6.35840943e-17  5.82536912e-17  1.40684568e-16
 -7.15796990e-17 -1.03752489e-16 -3.35053910e-17  1.85041137e-16
  3.78839365e-16  1.11557722e-16 -4.88874115e-16  4.96488976e-16
 -3.44953230e-16  7.24934824e-16  1.01087288e-16  9.95643154e-17
  9.25205684e-17  3.44572487e-16 -4.48134605e-16  3.93878716e-16
 -2.16642812e-16 -3.11447839e-16 -1.25264473e-16 -1.99890117e-17
  4.21672961e-17  1.62958038e-16  2.18927271e-17  4.49276834e-16
 -2.34347366e-16  7.61486160e-18 -2.49005974e-16 -1.35944317e-15
 -2.71850559e-16 -2.96313302e-16  6.47263236e-18 -7.03613212e-16
  1.06988805e-16 -2.60428267e-16  1.34859199e-15 -6.20611220e-17
  6.99425038e-16 -4.53845751e-16  5.29994367e-16 -4.11202526e-17
 -2.01413089e-16  6.92952405e-17 -3.05736693e-16  4.75928850e-16
  1.08131035e-16  2.64616441e-17 -5.34182541e-16  1.27168189e-16
 -2.53574891e-16  9.55665131e-17 -1.78949248e-17 -1.87706338e-16
 -1.44682370e-16  3.99589862e-16  3.19824187e-17 -1.73999588e-16
 -4.18817388e-17  3.81314195e-16 -4.32904882e-16  1.03942861e-16
  2.01793832e-17  4.13106242e-17  4.94966004e-18 -1.76284046e-16
 -1.14413296e-16  8.37634776e-18  5.78729481e-17  2.28445848e-18
 -5.76825766e-17 -5.10195727e-17  2.11693152e-16  9.21398253e-17
  2.66520156e-17 -1.20314813e-16 -1.11557722e-16  4.26432250e-17
 -6.92952405e-17  5.10195727e-17 -3.91403886e-16  2.45579287e-16
 -1.78187761e-16  5.04484581e-16 -4.58795411e-16  5.06388296e-17
 -1.40113453e-16  7.55394271e-16  6.96759836e-17  3.42668772e-16
 -3.28200535e-16  2.42914085e-16 -2.09408694e-16 -4.19578874e-16
 -6.11092643e-16 -1.90371540e-18 -8.62383076e-17  1.95701943e-16
  3.31246480e-17 -7.99560468e-18  8.97221068e-16 -4.56891696e-18
 -2.26732504e-16  4.44136803e-16 -1.32117849e-15  1.75141817e-16
 -3.47999175e-16  2.69566101e-16 -5.47698920e-16  2.02936062e-16
 -2.47863745e-16  1.06608062e-17  2.27684362e-16  2.79846164e-16
 -2.02555319e-15 -2.01869981e-15 -2.96979602e-17 -1.51535746e-16
  8.01083440e-16 -4.61460613e-16  7.49683124e-16  8.58956388e-16
 -1.53439461e-16 -1.52297232e-16  5.76064280e-16 -5.46366320e-17
  3.28200535e-16 -7.10085844e-17  4.69836961e-16  7.65293591e-17
  1.02039145e-16 -5.52077466e-17 -9.89932008e-18  3.35053910e-16
 -1.70192157e-16  3.91403886e-16 -6.24418651e-17  2.52813405e-16
 -5.39893687e-16  8.05271614e-17 -2.45579287e-17  5.83298398e-16
  3.69511159e-16 -4.06252866e-16 -5.50173750e-17 -6.77722682e-17
  2.87270654e-16 -3.17920472e-17  3.50283634e-17  1.94178971e-17
 -4.26432250e-17 -1.23360758e-16  5.40655173e-17 -5.98718493e-17
 -1.73238101e-17  5.82536912e-17  2.28445848e-18 -5.40655173e-17
 -6.94856121e-17 -1.70001785e-16  1.29452647e-17 -2.36060710e-16
 -2.18927271e-16  4.28526336e-16  3.60373325e-16 -8.54387471e-16
  6.24418651e-16 -8.81420230e-16 -8.10982760e-17 -1.50431591e-15
  6.70107821e-16 -9.26347913e-16 -2.15881326e-16 -1.90561912e-15
 -7.82427029e-16  9.09595218e-16 -1.19172584e-16 -4.31762653e-16
 -9.19684910e-16 -1.41560277e-15 -1.75370263e-15  1.28196195e-15
  4.94966004e-18  2.16814147e-15 -8.54768214e-17  4.94775632e-16
  5.36276628e-16  3.19062701e-16 -3.47047317e-16 -5.83679142e-16
  6.40409860e-16  1.34783050e-16  9.17590823e-17  3.89880914e-16
 -1.42854804e-15  1.22980015e-15 -1.13461438e-16  9.63660735e-16
  3.87596455e-16  4.41661973e-17  4.37854542e-16 -1.59854982e-15
 -2.51290433e-16  3.12209326e-17 -3.94069088e-17  8.03367899e-17
  6.28226082e-17 -1.75903303e-16  8.24689511e-16 -3.94069088e-17
  1.50964631e-16  1.03752489e-16  2.58905294e-17 -2.01984204e-16
 -2.66520156e-17  1.40874940e-17 -6.87241259e-17  9.34724261e-17
 -6.79626398e-17 -1.67907698e-16  2.28826591e-16  1.14603667e-16
  9.34724261e-17 -4.15009957e-17 -6.89144975e-17  5.71114620e-19
 -4.04349151e-16  1.64861754e-16  7.15796990e-17  8.07175329e-17
  1.97605658e-16 -1.11938465e-16 -3.65513357e-17  9.74702285e-17
  3.19253073e-16  1.97605658e-16  1.48870544e-16  1.33260078e-17
  3.23631618e-17  1.56104663e-16  2.28445848e-18 -8.45249637e-17
  1.18791841e-16  0.00000000e+00  3.50283634e-17  1.72476615e-16
  1.33069706e-16 -4.60699127e-16  0.00000000e+00 -5.63499758e-16
  4.40519743e-16  3.27439049e-17  1.04095158e-15  3.97876519e-17
 -1.29452647e-17 -1.26597074e-16  1.06608062e-17 -2.09408694e-17
  2.43675571e-17 -2.20830986e-17 -1.66765469e-16  2.96979602e-17
  2.62712725e-17]
std of the standardized training set :  [1. 1. 1. 1. 1. 1. 1. 1. 1. 1. 1. 1. 1. 1. 1. 1. 1. 1. 1. 1. 1. 1. 1. 1.
 1. 1. 1. 1. 1. 1. 1. 1. 1. 1. 1. 1. 1. 1. 1. 1. 1. 1. 1. 1. 1. 1. 1. 1.
 1. 1. 1. 1. 1. 1. 1. 1. 1. 1. 1. 1. 1. 1. 1. 1. 1. 1. 1. 1. 1. 1. 1. 1.
 1. 1. 1. 1. 1. 1. 1. 1. 1. 1. 1. 1. 1. 1. 1. 1. 1. 1. 1. 1. 1. 1. 1. 1.
 1. 1. 1. 1. 1. 1. 1. 1. 1. 1. 1. 1. 1. 1. 1. 1. 1. 1. 1. 1. 1. 1. 1. 1.
 1. 1. 1. 1. 1. 1. 1. 1. 1. 1. 1. 1. 1. 1. 1. 1. 1. 1. 1. 1. 1. 1. 1. 1.
 1. 1. 1. 1. 1. 1. 1. 1. 1. 1. 1. 1. 1. 1. 1. 1. 1. 1. 1. 1. 1. 1. 1. 1.
 1. 1. 1. 1. 1. 1. 1. 1. 1. 1. 1. 1. 1. 1. 1. 1. 1. 1. 1. 1. 1. 1. 1. 1.
 1. 1. 1. 1. 1. 1. 1. 1. 1. 1. 1. 1. 1. 1. 1. 1. 1. 1. 1. 1. 1. 1. 1. 1.
 1. 1. 1. 1. 1. 1. 1. 1. 1. 1. 1. 1. 1. 1. 1. 1. 1. 1. 1. 1. 1. 1. 1. 1.
 1. 1. 1. 1. 1. 1. 1. 1. 1. 1. 1. 1. 1. 1. 1. 1. 1. 1. 1. 1. 1. 1. 1. 1.
 1. 1. 1. 1. 1. 1. 1. 1. 1. 1. 1. 1. 1. 1. 1. 1. 1. 1. 1. 1. 1. 1. 1. 1.
 1. 1. 1. 1. 1. 1. 1. 1. 1. 1. 1. 1. 1. 1. 1. 1. 1. 1. 1. 1. 1. 1. 1. 1.
 1. 1. 1. 1. 1. 1. 1. 1. 1. 1. 1. 1. 1. 1. 1. 1. 1. 1. 1. 1. 1. 1. 1. 1.
 1. 1. 1. 1. 1. 1. 1. 1. 1. 1. 1. 1. 1. 1. 1. 1. 1. 1. 1. 1. 1. 1. 1. 1.
 1. 1. 1. 1. 1. 1. 1. 1. 1. 1. 1. 1. 1. 1. 1. 1. 1. 1. 1. 1. 1. 1. 1. 1.
 1. 1. 1. 1. 1. 1. 1. 1. 1. 1. 1. 1. 1. 1. 1. 1. 1. 1. 1. 1. 1. 1. 1. 1.
 1. 1. 1. 1. 1. 1. 1. 1. 1. 1. 1. 1. 1. 1. 1. 1. 1. 1. 1. 1. 1. 1. 1. 1.
 1. 1. 1. 1. 1. 1. 1. 1. 1. 1. 1. 1. 1. 1. 1. 1. 1. 1. 1. 1. 1. 1. 1. 1.
 1. 1. 1. 1. 1. 1. 1. 1. 1. 1. 1. 1. 1. 1. 1. 1. 1. 1. 1. 1. 1. 1. 1. 1.
 1. 1. 1. 1. 1. 1. 1. 1. 1. 1. 1. 1. 1. 1. 1. 1. 1. 1. 1. 1. 1. 1. 1. 1.
 1. 1. 1. 1. 1. 1. 1. 1. 1. 1. 1. 1. 1. 1. 1. 1. 1. 1. 1. 1. 1. 1. 1. 1.
 1. 1. 1. 1. 1. 1. 1. 1. 1. 1. 1. 1. 1. 1. 1. 1. 1. 1. 1. 1. 1. 1. 1. 1.
 1. 1. 1. 1. 1. 1. 1. 1. 1.]
Mean of the standardized test set :  [ 1.20337553e-02  2.60622544e-02  2.63839760e-02 -7.29219885e-03
 -9.28441900e-03 -1.34638875e-02 -6.05977248e-03 -8.59125772e-03
 -1.26827208e-02 -8.91510920e-03 -8.30874752e-03 -1.22015189e-02
  1.16752768e-02  1.64986989e-02  1.36082120e-02 -9.47322893e-03
 -3.60579811e-03 -1.37401412e-02 -1.68731804e-02 -3.10856502e-03
 -1.00937920e-02 -9.53983899e-03 -2.68666798e-02  8.97335368e-04
  1.03632088e-03  1.39394009e-02  6.67199240e-03  4.20050165e-04
 -9.86716890e-03 -5.38471745e-03  1.03827564e-02  2.71095382e-03
 -2.32714860e-02 -1.20192475e-03 -4.29211036e-03 -5.91862327e-03
 -3.41643479e-03 -3.19904269e-02  8.62776839e-03  2.34228825e-02
  3.54021713e-02  1.93425703e-02 -2.26826187e-02 -3.64657551e-02
 -2.72142781e-02  2.78427232e-04 -3.73206422e-02 -2.68378917e-02
  1.14191185e-03  3.32302751e-02  1.75291262e-02 -2.31368264e-02
  3.67205581e-02  2.08819582e-02 -2.24993035e-02  2.14302653e-02
  2.81298667e-02  6.73122181e-03 -5.60780171e-02 -4.16299942e-02
 -2.73545910e-02  1.58734247e-03 -2.37384250e-02 -1.09289098e-02
 -7.17586661e-03  5.21979808e-02 -5.19259222e-02  5.06076697e-02
 -4.83525107e-02  1.71670847e-02 -1.57893431e-02  1.38303638e-02
 -1.12835221e-02 -1.28097696e-02  1.43111927e-02 -1.56458515e-02
  1.67410452e-02 -2.72190033e-02  1.86341746e-03  8.81475014e-03
  5.00740658e-02 -1.46553523e-02 -9.25242555e-03 -1.83767580e-03
 -8.21915626e-03 -5.77158198e-03 -1.15211278e-03 -7.80128544e-03
 -7.49379338e-03  5.79527728e-03 -1.34657653e-02 -9.97885747e-03
  4.89220803e-03  2.26036453e-02 -5.30422805e-03 -5.03106321e-03
 -3.24461595e-03 -7.74765863e-03 -1.00604113e-02 -9.25746361e-04
 -8.50672424e-03 -9.50013092e-03 -1.03210279e-02 -1.18100797e-02
 -3.28008878e-03  1.02939440e-02  3.29106345e-02  1.26169132e-02
  2.40245880e-02  3.24949170e-04  1.28090189e-02  2.67515459e-02
 -2.38786942e-02  1.56968838e-03  2.14962436e-03 -4.41985699e-03
 -1.49202356e-02 -5.49561700e-02  2.04652190e-03  3.88613006e-02
  3.51832591e-02 -3.55258117e-02 -3.90334673e-02  2.32201833e-04
 -1.53391837e-02 -9.50281664e-03  1.59755887e-03 -1.56317518e-02
 -7.84119411e-03  1.44981835e-02 -7.33455299e-03 -1.57126629e-02
  1.26308207e-02  2.40175357e-02  3.32048304e-03 -1.12787017e-02
 -5.55274412e-03 -1.94685887e-02 -7.90662622e-03  3.62832649e-03
 -1.74940670e-02 -4.63907680e-03  1.98435280e-02 -1.67626897e-02
 -2.25870095e-03 -2.13351026e-02  2.46368947e-02 -1.79912808e-02
  5.18957586e-03  2.02423311e-02 -7.12087607e-03  1.11621379e-02
 -3.36017113e-02 -4.89084218e-04  1.24909729e-03 -5.94416820e-03
 -7.67588716e-03  1.71147767e-02 -1.03320182e-02 -3.76426756e-02
  2.92959085e-03  1.65527859e-02  3.12216271e-02 -2.36280172e-03
  6.05919046e-04 -7.87110595e-03 -3.08177520e-03  2.14310919e-03
 -6.92277166e-03 -8.62415420e-03 -9.24721180e-03 -1.35941342e-02
  2.76218426e-03 -1.71265375e-03  4.16376961e-03 -1.61949175e-03
  1.52531149e-03 -2.68467414e-03 -8.94303497e-03 -8.55959274e-03
  6.13773442e-03 -6.38251421e-03 -3.76177270e-03 -6.93306468e-03
 -4.45014190e-03 -1.98652932e-02  1.90837817e-02 -5.52707906e-03
 -1.47918147e-02  2.59568116e-02  1.71311650e-02  2.71116191e-02
  2.22899584e-02  4.00194710e-03  5.24810439e-03  1.23689823e-02
 -2.34184004e-02  1.78780490e-02  4.79184407e-03 -4.34966600e-02
 -8.49358779e-03 -6.91430441e-03 -4.79957193e-03 -9.77824238e-03
 -1.54853679e-02 -8.49358779e-03 -8.98002480e-03 -1.26930314e-04
 -3.60171451e-03  7.51624389e-03 -3.32669441e-03 -2.65921395e-02
  3.78995536e-02 -8.49358779e-03 -6.91430441e-03 -4.79957193e-03
 -9.77824238e-03 -1.54853679e-02 -8.49358779e-03 -8.98002480e-03
 -1.26930314e-04 -3.60171451e-03  7.51624389e-03 -3.32669441e-03
 -2.65921395e-02  3.78995536e-02 -3.90604716e-03 -7.09320703e-03
 -4.74146980e-03 -6.28067453e-03 -1.62073018e-02 -3.90604716e-03
 -6.44209629e-03  4.42845230e-05 -5.26518446e-03  5.37866341e-03
  1.92001522e-02 -2.78876842e-02 -7.26737625e-03 -1.14497465e-02
 -4.56769007e-03 -4.78159286e-03 -6.95165326e-03 -2.61385769e-02
 -1.14497465e-02 -1.32972459e-02 -7.35067558e-03  4.93498891e-03
 -2.68540805e-03  1.06145211e-02 -2.27342316e-02  1.47342361e-02
 -2.24774808e-03 -2.23266708e-03 -1.09892697e-03 -9.80505148e-03
 -4.01119495e-03 -2.24774808e-03 -2.95413847e-03 -1.05861801e-03
 -8.34267466e-03  1.93136236e-02 -1.87464953e-02 -1.30189016e-02
  1.22986497e-02 -6.76419026e-03 -1.15000121e-02 -1.11110878e-02
 -7.43277295e-03 -8.13713159e-03 -1.42482109e-02 -6.02967175e-03
 -7.78625870e-03 -1.23099512e-02 -4.97641183e-03 -5.05490212e-03
 -1.19126738e-02 -8.74019273e-03 -2.39302213e-02 -3.01095839e-02
 -9.54715211e-03 -2.99657807e-03 -6.87117053e-03 -1.77917040e-02
 -9.23281464e-03 -6.10314681e-03 -3.60144306e-03 -7.72475152e-03
 -1.14298906e-02 -1.41320163e-03  3.43385767e-02 -3.05680273e-03
 -4.57377485e-02  3.72557859e-02 -1.78185156e-02 -1.09109227e-02
 -4.05611981e-02 -3.51949518e-02  3.81772160e-03  2.75562298e-03
 -3.88165813e-03  1.21650843e-03 -4.74065847e-03  3.29948712e-03
  4.55650511e-03 -6.08819161e-03 -1.30611260e-03 -1.72080239e-02
 -1.00133651e-02  9.88152644e-04 -3.29616390e-03  2.28815564e-03
 -7.81923431e-03 -6.19695349e-03 -2.86649854e-03 -6.94680207e-03
 -1.41774782e-02  7.95607625e-03  4.53493328e-05 -2.94280395e-02
 -2.76927221e-02 -2.70649645e-02  7.45204859e-03 -1.10449242e-02
 -6.48976960e-03 -5.57659497e-03 -2.85539539e-02  1.06783143e-03
 -5.88463924e-03 -3.03562711e-02 -1.87330204e-02 -1.28010838e-02
 -1.74092128e-03 -1.79694986e-02 -6.75121814e-03 -2.12532607e-02
 -2.99427892e-02 -2.84238121e-02 -1.86106030e-02 -5.97959975e-03
 -1.19559817e-02 -3.12161887e-02 -1.73982498e-02 -1.66209052e-02
 -3.72708085e-03 -1.10290412e-02 -6.30444290e-03  4.83128239e-05
 -5.21793556e-03 -5.17940179e-03 -1.01703490e-03 -7.78124979e-03
 -5.06745537e-03  1.73018247e-03  6.48023607e-04 -1.00622875e-02
  2.03132611e-02 -5.98440163e-03  1.03195363e-02 -6.85731280e-03
 -3.24845904e-03 -7.73783530e-03 -1.00408820e-02 -4.77372919e-03
 -1.45003676e-02 -9.34456995e-03 -8.08189996e-03 -1.04148101e-02
 -8.90198823e-03  1.88985058e-02  2.63889251e-02  1.59689253e-02
  8.07486429e-03  3.13024888e-03  1.36608286e-02  1.08178051e-03
  8.73860929e-03  1.25171699e-02  8.14636454e-03 -1.97010853e-02
 -1.86328805e-02 -7.56342189e-03 -5.42680434e-04  5.61854109e-03
 -7.27920656e-03 -3.27371349e-03 -2.17272884e-02 -2.06300299e-02
  1.21678257e-02 -4.01594431e-03  1.41543425e-03 -1.18186011e-02
 -1.83747977e-02 -8.65907015e-04 -9.63946144e-03 -2.30093419e-02
  4.45318529e-03 -2.67563877e-03 -2.78794059e-02 -2.53772474e-02
 -1.88370065e-02  1.60346497e-02  9.28457299e-03 -1.98948441e-03
 -1.03027876e-02 -2.36340567e-02  1.61113926e-02 -2.40295886e-03
 -2.71968368e-02 -9.83792480e-03 -9.77894731e-03 -3.29994775e-03
 -1.59466022e-02 -4.27039889e-03 -1.84556941e-02 -1.37566149e-02
  6.31890714e-03 -1.03917266e-02 -8.33829154e-03 -1.00137531e-02
 -1.25956068e-02 -7.28324638e-03 -1.39013413e-02 -5.37463304e-03
 -8.98653220e-03 -6.57138247e-03  1.95311104e-03 -1.75870782e-02
 -1.07611171e-02  1.00830564e-03 -1.06198392e-02 -6.41450529e-03
 -1.36047561e-03 -2.50667295e-02 -1.74169587e-02 -1.94928104e-02
 -2.48246606e-02 -1.68605406e-02 -7.43360439e-03 -1.95893577e-03
 -1.89347632e-02 -8.12173300e-03 -2.65263980e-03  4.88081876e-04
 -4.06178425e-03 -7.46021490e-03 -7.04862278e-03 -3.41813096e-03
  2.06611118e-02  1.12680886e-02 -1.21578982e-02 -3.29087033e-02
  2.31105638e-02 -2.54548062e-02  3.72037040e-03  3.93951475e-03
 -2.41943079e-02 -2.19886015e-02 -1.14168131e-02 -1.43676146e-02
 -3.90078401e-03  8.81907904e-03  3.88100067e-03 -6.77967517e-03
 -2.35145638e-02 -2.95439716e-02 -2.31468611e-02 -1.23358900e-02
 -1.87153184e-03  1.45081122e-03 -2.64446343e-02 -1.91072694e-02
 -1.57247137e-03 -1.38993946e-02 -2.14349889e-02 -2.75569811e-02
  1.32709724e-02 -4.71000169e-04 -6.48119903e-03 -1.19161276e-02
 -2.03936395e-02 -3.82381899e-02 -2.68418450e-02  1.09624841e-02
 -8.25472912e-03 -2.71382172e-02 -1.97040402e-02 -2.41782103e-03
 -6.16763004e-03 -1.04991186e-02 -5.41968313e-03 -1.65619903e-02
  1.93559985e-02  1.00503420e-02  4.31606496e-03  1.04065411e-02
 -7.86312876e-03 -8.35919847e-03  1.69161755e-02  6.99156394e-03
 -8.02353309e-03 -7.36170200e-03 -6.40011666e-03 -7.64405576e-03
 -7.95791727e-03 -7.24076112e-03 -1.40978564e-02 -6.40011666e-03
 -1.06065787e-02 -4.77916238e-03 -7.84314288e-03  9.14049961e-03
 -1.72282471e-02  1.80268673e-02  3.34505891e-02 -6.33384852e-03
 -8.37701882e-03 -1.03922562e-02  9.13457814e-04  3.09741223e-02
 -6.33384852e-03 -1.01147386e-02 -2.76208498e-03 -9.74238366e-03
 -4.71736873e-03  2.55392860e-02  2.76122328e-02  3.80855885e-02
 -4.88025190e-03 -4.36762279e-03 -6.32426563e-03 -1.04940564e-03
  5.96804389e-04 -4.88025190e-03 -9.48717299e-03 -8.08734106e-03
 -3.93211448e-03 -1.26041914e-02 -1.16623647e-02  2.18993892e-02
  2.10787836e-02 -4.59143234e-03  1.09684266e-03 -2.51362855e-03
  7.27288364e-03 -1.47123374e-02 -4.59143234e-03 -4.23222754e-03
 -4.53459569e-03 -8.39765272e-03  2.81835115e-02  5.04710673e-03
  5.15083727e-02  6.03090588e-02  1.16085414e-02 -3.75290159e-02
 -4.44498709e-02  8.01518713e-03 -3.11316554e-02 -2.16022773e-02
  2.63822206e-02]
std of the standardized test set :  [0.91372914 0.79623857 1.01228751 1.00320141 1.0012986  0.9889377
 1.00428228 1.00234697 0.99066004 1.00301188 0.99756071 0.9911303
 0.98579384 0.98642241 0.98403369 0.99791836 0.99223497 0.97325746
 0.97395031 1.0059596  0.99976405 0.99731697 1.00911551 1.00154485
 1.0101194  1.01329065 1.00451943 1.00373792 1.00205786 0.99709952
 0.98767787 0.98268924 0.98235516 0.96882008 0.99661743 1.00650487
 1.00176419 0.97993407 0.96973848 1.01564762 0.95694609 1.00583838
 0.94895183 0.76610775 0.80959404 1.00227185 0.7503467  0.80005859
 0.99861415 0.95768484 1.00487336 0.94876225 0.95581234 1.00616282
 0.95162805 1.02813393 0.96934889 1.01317769 0.89591522 0.70130616
 0.76698363 0.97722601 0.9839885  0.99128017 0.98629315 1.02443634
 1.02982062 1.03410682 1.03660162 1.0050149  1.00496159 1.00511087
 1.00549962 0.97654634 0.97851705 0.98143016 0.98512824 1.01064616
 0.99442113 0.98546251 1.00194152 0.97878956 0.96315308 0.99755947
 0.99813948 0.98985503 0.99957439 0.99895849 0.98711536 0.99682673
 0.98177576 0.97907182 0.99915852 0.97600124 1.00726723 0.99643806
 0.97045892 0.98736424 0.97024138 1.00086831 0.99633555 0.98412148
 1.0034844  0.99762458 1.00527232 1.01438752 0.99901178 0.99743555
 0.99925716 1.00043759 0.97553015 1.00719234 1.02458317 0.98807884
 1.01425413 1.00516352 0.97055955 0.96552004 1.01006054 1.02004746
 0.98784619 0.97479223 0.99458561 0.9968095  0.98590161 0.9978396
 0.99828317 0.98820001 1.00169726 1.01761463 0.98103823 0.97666263
 0.98482096 0.95920958 1.00137028 0.99520137 0.98884721 0.97017004
 1.01334243 1.00008562 0.98839623 1.01128112 0.99215902 0.98478533
 0.98305619 1.00760815 1.01627537 1.03033407 1.01236173 0.97899628
 0.98621833 1.00736396 1.03362933 0.97787089 0.97665393 0.97182565
 1.01574548 0.99791114 1.00218141 1.01785052 0.98538039 0.96614663
 1.02237894 1.00465686 0.99484089 0.99391027 1.00130972 0.99774931
 0.99638717 0.99836487 0.97621635 0.98665784 0.9987171  0.98244703
 0.97909391 1.00068144 1.00152078 0.97811823 0.98277083 0.9895539
 1.00723222 0.99634528 1.00203705 1.00317665 0.99581709 1.01503077
 1.02234123 1.02903333 1.0025492  0.9944844  0.97616452 1.02278715
 0.99741148 0.98434117 0.96203303 0.98444321 1.01727681 1.01640422
 1.00554165 0.98270951 0.99862242 0.99288223 0.99502201 0.99354331
 0.98242576 0.99862242 0.98667783 0.99819603 1.00070529 0.98190828
 0.98911334 1.01547778 1.01955325 0.99862242 0.99288223 0.99502201
 0.99354331 0.98242576 0.99862242 0.98667783 0.99819603 1.00070529
 0.98190828 0.98911334 1.01547778 1.01955325 0.99791375 0.99351287
 0.99654155 0.99498065 0.9837267  0.99791375 0.97410813 1.00079291
 1.0016185  0.99722408 0.98816723 1.00182694 1.0096824  0.99353196
 0.99083492 0.99269314 0.98811934 0.96984875 0.99353196 0.9789275
 0.98700614 0.99626291 1.00334857 1.01012286 1.01899516 1.0244688
 0.9988349  0.99458454 0.99747406 0.97449244 0.99032553 0.9988349
 0.98630042 0.99866564 1.00113561 1.0180126  1.0180157  0.98020705
 1.01581965 1.00038319 0.99731108 0.98825836 1.00407773 1.00329651
 0.98913666 1.00368678 1.00098136 0.98949951 1.00575554 1.00408099
 0.99517967 1.00417382 0.98519819 0.9828726  0.99616386 0.99250812
 1.00229242 0.97092123 0.98714656 0.99266611 0.98795732 1.00340105
 0.99799452 1.00127428 1.05403772 1.01305186 0.88232667 0.99599076
 1.01642109 0.97005328 0.99900111 0.99572192 0.992409   0.99447592
 1.02162695 1.02842755 0.99516957 0.98072264 0.97895848 0.97140439
 0.99646714 0.9398888  0.97344921 0.99797194 0.99443777 0.97867583
 0.97917077 0.98030769 0.99300521 0.97342101 1.01203294 1.0048749
 0.99380007 0.94942187 0.94642778 0.93288752 1.04065558 1.00342532
 1.00501575 0.98843447 0.93617213 1.02875288 1.00370821 0.94065262
 0.97790739 0.95303623 0.9702051  0.96394905 0.99899733 0.91561126
 0.91488816 0.96544749 0.96843109 0.97107666 0.96994576 0.92988075
 0.97157182 0.96910393 0.99555414 0.99475955 0.98924396 0.99980271
 1.00178555 0.99065835 0.99844702 0.9977913  0.99179419 0.99859035
 1.01478895 0.98295778 1.04816727 0.9924351  1.0600789  0.99434338
 0.97044706 0.98734539 0.97026665 0.99362106 0.99123504 0.98956066
 1.00148992 1.00144871 1.00314374 1.00228203 1.01646433 1.00775173
 1.00490063 1.01351182 0.98436887 1.03070576 1.03365464 1.01158396
 1.02221762 1.00416812 0.97351518 0.96458386 0.98185988 0.97668235
 0.97075944 0.98698512 0.94275055 0.96821491 0.96454423 0.97573135
 0.97730945 0.97264156 0.96922392 0.97161731 0.97189569 0.97375912
 1.00486769 0.98839548 0.94870771 0.95095908 0.93746921 1.06248773
 1.05611196 0.99753574 0.9811211  0.93969791 1.06784115 0.99339421
 0.9375999  0.96401059 0.95552197 0.97001472 0.96595057 1.01233023
 0.90923456 0.91609633 0.96067028 0.95709286 0.97166044 0.97392409
 0.91759366 0.97064895 0.97154417 0.99233079 0.98549992 0.9977447
 0.9985682  0.98536769 0.9980095  0.99785268 0.98837092 0.99558354
 0.99716746 0.97872371 0.99682724 1.0010482  0.97902418 1.02703777
 0.99153159 0.98361508 0.96969237 1.00639336 1.00339906 0.9856485
 0.98849138 1.00143285 1.00482253 0.99487374 1.02328966 1.01238536
 0.97388332 1.01797101 0.97447424 0.99312838 1.01402979 1.01187025
 0.98790934 0.97901288 1.00009337 0.99251105 0.99528094 1.03009718
 0.98698598 1.02254533 0.9350529  0.92375014 0.87437998 0.89061221
 0.98819961 0.9946707  0.93107804 0.88128518 0.98486289 0.98806561
 0.97509721 0.92059108 1.0587643  0.98318747 0.89674927 0.92691876
 0.90280094 0.85987084 0.9592557  1.04675656 0.9074086  0.88782322
 0.96930102 0.96410439 1.03703277 0.91255049 0.96607713 0.97907887
 1.16249867 1.06128038 1.01600645 1.06855758 1.00932618 0.96569012
 1.13214804 1.04383765 1.00642926 1.02396875 0.99275792 0.9934553
 0.99300871 0.9922252  0.95311373 0.99275792 0.97142585 0.98854863
 1.003113   1.02422981 1.01825742 1.07442291 1.10409112 0.99350226
 0.99389847 0.99172482 1.00491351 1.03301488 0.99350226 0.96846293
 1.00152305 0.99958392 1.01045501 1.009905   1.02200678 1.02978811
 0.9901054  0.99168352 0.99042883 0.9960868  0.94444672 0.9901054
 0.96972139 0.98998906 1.00203463 1.01751735 1.01044049 1.01543909
 1.01254814 0.991621   0.99878349 0.99271846 1.01471875 0.97895759
 0.991621   0.97786667 0.9852168  1.00388651 1.01042062 0.99997965
 1.04261191 1.05370528 1.01161429 1.00503814 1.00704296 1.00063347
 0.96289262 1.01059652 0.92971487]
-----------------------------
Adaboost Test was Called. Wait...
The average running time - 24.273 seconds
The maximum test accuracy  - 0.954 
Corresponding MaxDepth value using AdaBoost for Decision tree 21
